<?xml version="1.0" encoding="UTF-8"?>
<!-- Generated by org.testng.reporters.JUnitReportReporter -->
<testsuite hostname="DESKTOP-QU2UNB4" failures="0" tests="1" name="Reoprt.LoReport" time="0.102" errors="0" timestamp="2023-05-27T15:36:21 IST" skipped="0">
  <testcase classname="Reoprt.LoReport" name="test1" time="0.102"/>
  <system-out/>
</testsuite> <!-- Reoprt.LoReport -->
