<?xml version="1.0" encoding="UTF-8"?>
<!-- Generated by org.testng.reporters.JUnitReportReporter -->
<testsuite hostname="DESKTOP-QU2UNB4" failures="0" tests="1" name="Reoprt.ExReport" time="0.640" errors="0" timestamp="2023-05-27T15:24:11 IST" skipped="0">
  <testcase classname="Reoprt.ExReport" name="test1" time="0.640"/>
  <system-out/>
</testsuite> <!-- Reoprt.ExReport -->
